# JRE version: OpenJDK Runtime Environment Temurin-21.0.7+6 (21.0.7+6) (build 21.0.7+6-LTS)
# Java VM: OpenJDK 64-Bit Server VM Temurin-21.0.7+6 (21.0.7+6-LTS, mixed mode, sharing, tiered, compressed oops, compressed class ptrs, parallel gc, windows-amd64)
GC Precious Log:
 CardTable entry size: 512
 CPUs: 8 total, 8 available
 Memory: 12044M
 Large Page Support: Disabled
 NUMA Support: Disabled
 Compressed Oops: Enabled (32-bit)
 Alignments: Space 512K, Generation 512K, Heap 2M
 Heap Min Capacity: 100M
 Heap Initial Capacity: 100M
 Heap Max Capacity: 1G
 Pre-touch: Disabled
 Parallel Workers: 8
Heap:
 PSYoungGen      total 5632K, used 1975K [0x00000000eab00000, 0x00000000eb200000, 0x0000000100000000)
  eden space 3584K, 35% used [0x00000000eab00000,0x00000000eac3dd70,0x00000000eae80000)
  from space 2048K, 34% used [0x00000000eae80000,0x00000000eaf30000,0x00000000eb080000)
  to   space 1024K, 0% used [0x00000000eb100000,0x00000000eb100000,0x00000000eb200000)
 ParOldGen       total 446976K, used 446827K [0x00000000c0000000, 0x00000000db480000, 0x00000000eab00000)
  object space 446976K, 99% used [0x00000000c0000000,0x00000000db45aea8,0x00000000db480000)
 Metaspace       used 72131K, committed 73664K, reserved 1179648K
  class space    used 7434K, committed 8128K, reserved 1048576K
GC Heap History (20 events):
Event: 180.758 GC heap before
{Heap before GC invocations=407 (full 3):
 PSYoungGen      total 4608K, used 4589K [0x00000000eab00000, 0x00000000eb780000, 0x0000000100000000)
  eden space 3584K, 100% used [0x00000000eab00000,0x00000000eae80000,0x00000000eae80000)
  from space 1024K, 98% used [0x00000000eaf00000,0x00000000eaffb5e0,0x00000000eb000000)
  to   space 4608K, 0% used [0x00000000eb300000,0x00000000eb300000,0x00000000eb780000)
 ParOldGen       total 443904K, used 443590K [0x00000000c0000000, 0x00000000db180000, 0x00000000eab00000)
  object space 443904K, 99% used [0x00000000c0000000,0x00000000db1319f0,0x00000000db180000)
 Metaspace       used 71882K, committed 73344K, reserved 1179648K
  class space    used 7432K, committed 8128K, reserved 1048576K
}
Event: 180.760 GC heap after
{Heap after GC invocations=407 (full 3):
 PSYoungGen      total 4096K, used 320K [0x00000000eab00000, 0x00000000eb380000, 0x0000000100000000)
  eden space 3584K, 0% used [0x00000000eab00000,0x00000000eab00000,0x00000000eae80000)
  from space 512K, 62% used [0x00000000eb300000,0x00000000eb350000,0x00000000eb380000)
  to   space 2048K, 0% used [0x00000000eaf80000,0x00000000eaf80000,0x00000000eb180000)
 ParOldGen       total 443904K, used 443622K [0x00000000c0000000, 0x00000000db180000, 0x00000000eab00000)
  object space 443904K, 99% used [0x00000000c0000000,0x00000000db1399f0,0x00000000db180000)
 Metaspace       used 71882K, committed 73344K, reserved 1179648K
  class space    used 7432K, committed 8128K, reserved 1048576K
}
Event: 180.847 GC heap before
{Heap before GC invocations=408 (full 3):
 PSYoungGen      total 4096K, used 3904K [0x00000000eab00000, 0x00000000eb380000, 0x0000000100000000)
  eden space 3584K, 100% used [0x00000000eab00000,0x00000000eae80000,0x00000000eae80000)
  from space 512K, 62% used [0x00000000eb300000,0x00000000eb350000,0x00000000eb380000)
  to   space 2048K, 0% used [0x00000000eaf80000,0x00000000eaf80000,0x00000000eb180000)
 ParOldGen       total 443904K, used 443622K [0x00000000c0000000, 0x00000000db180000, 0x00000000eab00000)
  object space 443904K, 99% used [0x00000000c0000000,0x00000000db1399f0,0x00000000db180000)
 Metaspace       used 71912K, committed 73344K, reserved 1179648K
  class space    used 7432K, committed 8128K, reserved 1048576K
}
Event: 180.849 GC heap after
{Heap after GC invocations=408 (full 3):
 PSYoungGen      total 5632K, used 1070K [0x00000000eab00000, 0x00000000eb380000, 0x0000000100000000)
  eden space 3584K, 0% used [0x00000000eab00000,0x00000000eab00000,0x00000000eae80000)
  from space 2048K, 52% used [0x00000000eaf80000,0x00000000eb08ba18,0x00000000eb180000)
  to   space 1536K, 0% used [0x00000000eb200000,0x00000000eb200000,0x00000000eb380000)
 ParOldGen       total 443904K, used 443798K [0x00000000c0000000, 0x00000000db180000, 0x00000000eab00000)
  object space 443904K, 99% used [0x00000000c0000000,0x00000000db1659f0,0x00000000db180000)
 Metaspace       used 71912K, committed 73344K, reserved 1179648K
  class space    used 7432K, committed 8128K, reserved 1048576K
}
Event: 180.921 GC heap before
{Heap before GC invocations=409 (full 3):
 PSYoungGen      total 5632K, used 4654K [0x00000000eab00000, 0x00000000eb380000, 0x0000000100000000)
  eden space 3584K, 100% used [0x00000000eab00000,0x00000000eae80000,0x00000000eae80000)
  from space 2048K, 52% used [0x00000000eaf80000,0x00000000eb08ba18,0x00000000eb180000)
  to   space 1536K, 0% used [0x00000000eb200000,0x00000000eb200000,0x00000000eb380000)
 ParOldGen       total 443904K, used 443798K [0x00000000c0000000, 0x00000000db180000, 0x00000000eab00000)
  object space 443904K, 99% used [0x00000000c0000000,0x00000000db1659f0,0x00000000db180000)
 Metaspace       used 71948K, committed 73408K, reserved 1179648K
  class space    used 7433K, committed 8128K, reserved 1048576K
}
Event: 180.923 GC heap after
{Heap after GC invocations=409 (full 3):
 PSYoungGen      total 5120K, used 1294K [0x00000000eab00000, 0x00000000eb380000, 0x0000000100000000)
  eden space 3584K, 0% used [0x00000000eab00000,0x00000000eab00000,0x00000000eae80000)
  from space 1536K, 84% used [0x00000000eb200000,0x00000000eb343a18,0x00000000eb380000)
  to   space 1536K, 0% used [0x00000000eb080000,0x00000000eb080000,0x00000000eb200000)
 ParOldGen       total 444928K, used 444778K [0x00000000c0000000, 0x00000000db280000, 0x00000000eab00000)
  object space 444928K, 99% used [0x00000000c0000000,0x00000000db25ab48,0x00000000db280000)
 Metaspace       used 71948K, committed 73408K, reserved 1179648K
  class space    used 7433K, committed 8128K, reserved 1048576K
}
Event: 181.012 GC heap before
{Heap before GC invocations=410 (full 3):
 PSYoungGen      total 5120K, used 4878K [0x00000000eab00000, 0x00000000eb380000, 0x0000000100000000)
  eden space 3584K, 100% used [0x00000000eab00000,0x00000000eae80000,0x00000000eae80000)
  from space 1536K, 84% used [0x00000000eb200000,0x00000000eb343a18,0x00000000eb380000)
  to   space 1536K, 0% used [0x00000000eb080000,0x00000000eb080000,0x00000000eb200000)
 ParOldGen       total 444928K, used 444778K [0x00000000c0000000, 0x00000000db280000, 0x00000000eab00000)
  object space 444928K, 99% used [0x00000000c0000000,0x00000000db25ab48,0x00000000db280000)
 Metaspace       used 71970K, committed 73408K, reserved 1179648K
  class space    used 7433K, committed 8128K, reserved 1048576K
}
Event: 181.013 GC heap after
{Heap after GC invocations=410 (full 3):
 PSYoungGen      total 4096K, used 336K [0x00000000eab00000, 0x00000000eb280000, 0x0000000100000000)
  eden space 3584K, 0% used [0x00000000eab00000,0x00000000eab00000,0x00000000eae80000)
  from space 512K, 65% used [0x00000000eb080000,0x00000000eb0d4010,0x00000000eb100000)
  to   space 1024K, 0% used [0x00000000eb180000,0x00000000eb180000,0x00000000eb280000)
 ParOldGen       total 445440K, used 445082K [0x00000000c0000000, 0x00000000db300000, 0x00000000eab00000)
  object space 445440K, 99% used [0x00000000c0000000,0x00000000db2a6b58,0x00000000db300000)
 Metaspace       used 71970K, committed 73408K, reserved 1179648K
  class space    used 7433K, committed 8128K, reserved 1048576K
}
Event: 181.067 GC heap before
{Heap before GC invocations=411 (full 3):
 PSYoungGen      total 4096K, used 3920K [0x00000000eab00000, 0x00000000eb280000, 0x0000000100000000)
  eden space 3584K, 100% used [0x00000000eab00000,0x00000000eae80000,0x00000000eae80000)
  from space 512K, 65% used [0x00000000eb080000,0x00000000eb0d4010,0x00000000eb100000)
  to   space 1024K, 0% used [0x00000000eb180000,0x00000000eb180000,0x00000000eb280000)
 ParOldGen       total 445440K, used 445082K [0x00000000c0000000, 0x00000000db300000, 0x00000000eab00000)
  object space 445440K, 99% used [0x00000000c0000000,0x00000000db2a6b58,0x00000000db300000)
 Metaspace       used 72029K, committed 73472K, reserved 1179648K
  class space    used 7433K, committed 8128K, reserved 1048576K
}
Event: 181.069 GC heap after
{Heap after GC invocations=411 (full 3):
 PSYoungGen      total 4096K, used 256K [0x00000000eab00000, 0x00000000eb200000, 0x0000000100000000)
  eden space 3584K, 0% used [0x00000000eab00000,0x00000000eab00000,0x00000000eae80000)
  from space 512K, 50% used [0x00000000eb180000,0x00000000eb1c0000,0x00000000eb200000)
  to   space 512K, 0% used [0x00000000eb080000,0x00000000eb080000,0x00000000eb100000)
 ParOldGen       total 445440K, used 445186K [0x00000000c0000000, 0x00000000db300000, 0x00000000eab00000)
  object space 445440K, 99% used [0x00000000c0000000,0x00000000db2c0b58,0x00000000db300000)
 Metaspace       used 72029K, committed 73472K, reserved 1179648K
  class space    used 7433K, committed 8128K, reserved 1048576K
}
Event: 181.143 GC heap before
{Heap before GC invocations=412 (full 3):
 PSYoungGen      total 4096K, used 3840K [0x00000000eab00000, 0x00000000eb200000, 0x0000000100000000)
  eden space 3584K, 100% used [0x00000000eab00000,0x00000000eae80000,0x00000000eae80000)
  from space 512K, 50% used [0x00000000eb180000,0x00000000eb1c0000,0x00000000eb200000)
  to   space 512K, 0% used [0x00000000eb080000,0x00000000eb080000,0x00000000eb100000)
 ParOldGen       total 445440K, used 445186K [0x00000000c0000000, 0x00000000db300000, 0x00000000eab00000)
  object space 445440K, 99% used [0x00000000c0000000,0x00000000db2c0b58,0x00000000db300000)
 Metaspace       used 72055K, committed 73472K, reserved 1179648K
  class space    used 7433K, committed 8128K, reserved 1048576K
}
Event: 181.146 GC heap after
{Heap after GC invocations=412 (full 3):
 PSYoungGen      total 4096K, used 366K [0x00000000eab00000, 0x00000000eb200000, 0x0000000100000000)
  eden space 3584K, 0% used [0x00000000eab00000,0x00000000eab00000,0x00000000eae80000)
  from space 512K, 71% used [0x00000000eb080000,0x00000000eb0dba18,0x00000000eb100000)
  to   space 512K, 0% used [0x00000000eb180000,0x00000000eb180000,0x00000000eb200000)
 ParOldGen       total 445440K, used 445226K [0x00000000c0000000, 0x00000000db300000, 0x00000000eab00000)
  object space 445440K, 99% used [0x00000000c0000000,0x00000000db2cab58,0x00000000db300000)
 Metaspace       used 72055K, committed 73472K, reserved 1179648K
  class space    used 7433K, committed 8128K, reserved 1048576K
}
Event: 181.583 GC heap before
{Heap before GC invocations=413 (full 3):
 PSYoungGen      total 4096K, used 3950K [0x00000000eab00000, 0x00000000eb200000, 0x0000000100000000)
  eden space 3584K, 100% used [0x00000000eab00000,0x00000000eae80000,0x00000000eae80000)
  from space 512K, 71% used [0x00000000eb080000,0x00000000eb0dba18,0x00000000eb100000)
  to   space 512K, 0% used [0x00000000eb180000,0x00000000eb180000,0x00000000eb200000)
 ParOldGen       total 445440K, used 445226K [0x00000000c0000000, 0x00000000db300000, 0x00000000eab00000)
  object space 445440K, 99% used [0x00000000c0000000,0x00000000db2cab58,0x00000000db300000)
 Metaspace       used 72083K, committed 73536K, reserved 1179648K
  class space    used 7434K, committed 8128K, reserved 1048576K
}
Event: 181.585 GC heap after
{Heap after GC invocations=413 (full 3):
 PSYoungGen      total 4096K, used 510K [0x00000000eab00000, 0x00000000eb200000, 0x0000000100000000)
  eden space 3584K, 0% used [0x00000000eab00000,0x00000000eab00000,0x00000000eae80000)
  from space 512K, 99% used [0x00000000eb180000,0x00000000eb1ffa28,0x00000000eb200000)
  to   space 1024K, 0% used [0x00000000eb000000,0x00000000eb000000,0x00000000eb100000)
 ParOldGen       total 445440K, used 445266K [0x00000000c0000000, 0x00000000db300000, 0x00000000eab00000)
  object space 445440K, 99% used [0x00000000c0000000,0x00000000db2d4b58,0x00000000db300000)
 Metaspace       used 72083K, committed 73536K, reserved 1179648K
  class space    used 7434K, committed 8128K, reserved 1048576K
}
Event: 181.626 GC heap before
{Heap before GC invocations=414 (full 3):
 PSYoungGen      total 4096K, used 4094K [0x00000000eab00000, 0x00000000eb200000, 0x0000000100000000)
  eden space 3584K, 100% used [0x00000000eab00000,0x00000000eae80000,0x00000000eae80000)
  from space 512K, 99% used [0x00000000eb180000,0x00000000eb1ffa28,0x00000000eb200000)
  to   space 1024K, 0% used [0x00000000eb000000,0x00000000eb000000,0x00000000eb100000)
 ParOldGen       total 445440K, used 445266K [0x00000000c0000000, 0x00000000db300000, 0x00000000eab00000)
  object space 445440K, 99% used [0x00000000c0000000,0x00000000db2d4b58,0x00000000db300000)
 Metaspace       used 72089K, committed 73600K, reserved 1179648K
  class space    used 7434K, committed 8128K, reserved 1048576K
}
Event: 181.627 GC heap after
{Heap after GC invocations=414 (full 3):
 PSYoungGen      total 4608K, used 334K [0x00000000eab00000, 0x00000000eb200000, 0x0000000100000000)
  eden space 3584K, 0% used [0x00000000eab00000,0x00000000eab00000,0x00000000eae80000)
  from space 1024K, 32% used [0x00000000eb000000,0x00000000eb053a18,0x00000000eb100000)
  to   space 512K, 0% used [0x00000000eb180000,0x00000000eb180000,0x00000000eb200000)
 ParOldGen       total 445440K, used 445370K [0x00000000c0000000, 0x00000000db300000, 0x00000000eab00000)
  object space 445440K, 99% used [0x00000000c0000000,0x00000000db2eeb78,0x00000000db300000)
 Metaspace       used 72089K, committed 73600K, reserved 1179648K
  class space    used 7434K, committed 8128K, reserved 1048576K
}
Event: 182.675 GC heap before
{Heap before GC invocations=415 (full 3):
 PSYoungGen      total 4608K, used 3918K [0x00000000eab00000, 0x00000000eb200000, 0x0000000100000000)
  eden space 3584K, 100% used [0x00000000eab00000,0x00000000eae80000,0x00000000eae80000)
  from space 1024K, 32% used [0x00000000eb000000,0x00000000eb053a18,0x00000000eb100000)
  to   space 512K, 0% used [0x00000000eb180000,0x00000000eb180000,0x00000000eb200000)
 ParOldGen       total 445440K, used 445370K [0x00000000c0000000, 0x00000000db300000, 0x00000000eab00000)
  object space 445440K, 99% used [0x00000000c0000000,0x00000000db2eeb78,0x00000000db300000)
 Metaspace       used 72102K, committed 73600K, reserved 1179648K
  class space    used 7434K, committed 8128K, reserved 1048576K
}
Event: 182.677 GC heap after
{Heap after GC invocations=415 (full 3):
 PSYoungGen      total 4096K, used 494K [0x00000000eab00000, 0x00000000eb280000, 0x0000000100000000)
  eden space 3584K, 0% used [0x00000000eab00000,0x00000000eab00000,0x00000000eae80000)
  from space 512K, 96% used [0x00000000eb180000,0x00000000eb1fba18,0x00000000eb200000)
  to   space 2048K, 0% used [0x00000000eae80000,0x00000000eae80000,0x00000000eb080000)
 ParOldGen       total 446464K, used 446344K [0x00000000c0000000, 0x00000000db400000, 0x00000000eab00000)
  object space 446464K, 99% used [0x00000000c0000000,0x00000000db3e2010,0x00000000db400000)
 Metaspace       used 72102K, committed 73600K, reserved 1179648K
  class space    used 7434K, committed 8128K, reserved 1048576K
}
Event: 182.717 GC heap before
{Heap before GC invocations=416 (full 3):
 PSYoungGen      total 4096K, used 4078K [0x00000000eab00000, 0x00000000eb280000, 0x0000000100000000)
  eden space 3584K, 100% used [0x00000000eab00000,0x00000000eae80000,0x00000000eae80000)
  from space 512K, 96% used [0x00000000eb180000,0x00000000eb1fba18,0x00000000eb200000)
  to   space 2048K, 0% used [0x00000000eae80000,0x00000000eae80000,0x00000000eb080000)
 ParOldGen       total 446464K, used 446344K [0x00000000c0000000, 0x00000000db400000, 0x00000000eab00000)
  object space 446464K, 99% used [0x00000000c0000000,0x00000000db3e2010,0x00000000db400000)
 Metaspace       used 72114K, committed 73600K, reserved 1179648K
  class space    used 7434K, committed 8128K, reserved 1048576K
}
Event: 182.719 GC heap after
{Heap after GC invocations=416 (full 3):
 PSYoungGen      total 5632K, used 704K [0x00000000eab00000, 0x00000000eb200000, 0x0000000100000000)
  eden space 3584K, 0% used [0x00000000eab00000,0x00000000eab00000,0x00000000eae80000)
  from space 2048K, 34% used [0x00000000eae80000,0x00000000eaf30000,0x00000000eb080000)
  to   space 1024K, 0% used [0x00000000eb100000,0x00000000eb100000,0x00000000eb200000)
 ParOldGen       total 446976K, used 446827K [0x00000000c0000000, 0x00000000db480000, 0x00000000eab00000)
  object space 446976K, 99% used [0x00000000c0000000,0x00000000db45aea8,0x00000000db480000)
 Metaspace       used 72114K, committed 73600K, reserved 1179648K
  class space    used 7434K, committed 8128K, reserved 1048576K
}

