# JRE version: OpenJDK Runtime Environment Temurin-21.0.7+6 (21.0.7+6) (build 21.0.7+6-LTS)
# Java VM: OpenJDK 64-Bit Server VM Temurin-21.0.7+6 (21.0.7+6-LTS, mixed mode, sharing, tiered, compressed oops, compressed class ptrs, parallel gc, windows-amd64)
GC Precious Log:
 CardTable entry size: 512
 CPUs: 8 total, 8 available
 Memory: 12044M
 Large Page Support: Disabled
 NUMA Support: Disabled
 Compressed Oops: Enabled (32-bit)
 Alignments: Space 512K, Generation 512K, Heap 2M
 Heap Min Capacity: 100M
 Heap Initial Capacity: 100M
 Heap Max Capacity: 1G
 Pre-touch: Disabled
 Parallel Workers: 8
Heap:
 PSYoungGen      total 3072K, used 1320K [0x00000000eab00000, 0x00000000eaf00000, 0x0000000100000000)
  eden space 2048K, 30% used [0x00000000eab00000,0x00000000eab9dfc8,0x00000000ead00000)
  from space 1024K, 67% used [0x00000000ead00000,0x00000000eadac0c0,0x00000000eae00000)
  to   space 1024K, 0% used [0x00000000eae00000,0x00000000eae00000,0x00000000eaf00000)
 ParOldGen       total 454144K, used 453751K [0x00000000c0000000, 0x00000000dbb80000, 0x00000000eab00000)
  object space 454144K, 99% used [0x00000000c0000000,0x00000000dbb1df68,0x00000000dbb80000)
 Metaspace       used 66951K, committed 68416K, reserved 1114112K
  class space    used 6840K, committed 7552K, reserved 1048576K
GC Heap History (20 events):
Event: 30.217 GC heap before
{Heap before GC invocations=348 (full 3):
 PSYoungGen      total 3072K, used 2560K [0x00000000eab00000, 0x00000000eaf00000, 0x0000000100000000)
  eden space 2048K, 100% used [0x00000000eab00000,0x00000000ead00000,0x00000000ead00000)
  from space 1024K, 50% used [0x00000000eae00000,0x00000000eae80000,0x00000000eaf00000)
  to   space 1024K, 0% used [0x00000000ead00000,0x00000000ead00000,0x00000000eae00000)
 ParOldGen       total 441856K, used 441396K [0x00000000c0000000, 0x00000000daf80000, 0x00000000eab00000)
  object space 441856K, 99% used [0x00000000c0000000,0x00000000daf0d048,0x00000000daf80000)
 Metaspace       used 66152K, committed 67584K, reserved 1114112K
  class space    used 6784K, committed 7424K, reserved 1048576K
}
Event: 30.219 GC heap after
{Heap after GC invocations=348 (full 3):
 PSYoungGen      total 3072K, used 528K [0x00000000eab00000, 0x00000000eaf00000, 0x0000000100000000)
  eden space 2048K, 0% used [0x00000000eab00000,0x00000000eab00000,0x00000000ead00000)
  from space 1024K, 51% used [0x00000000ead00000,0x00000000ead84010,0x00000000eae00000)
  to   space 1024K, 0% used [0x00000000eae00000,0x00000000eae00000,0x00000000eaf00000)
 ParOldGen       total 441856K, used 441452K [0x00000000c0000000, 0x00000000daf80000, 0x00000000eab00000)
  object space 441856K, 99% used [0x00000000c0000000,0x00000000daf1b048,0x00000000daf80000)
 Metaspace       used 66152K, committed 67584K, reserved 1114112K
  class space    used 6784K, committed 7424K, reserved 1048576K
}
Event: 30.245 GC heap before
{Heap before GC invocations=349 (full 3):
 PSYoungGen      total 3072K, used 2482K [0x00000000eab00000, 0x00000000eaf00000, 0x0000000100000000)
  eden space 2048K, 95% used [0x00000000eab00000,0x00000000eace8868,0x00000000ead00000)
  from space 1024K, 51% used [0x00000000ead00000,0x00000000ead84010,0x00000000eae00000)
  to   space 1024K, 0% used [0x00000000eae00000,0x00000000eae00000,0x00000000eaf00000)
 ParOldGen       total 441856K, used 441452K [0x00000000c0000000, 0x00000000daf80000, 0x00000000eab00000)
  object space 441856K, 99% used [0x00000000c0000000,0x00000000daf1b048,0x00000000daf80000)
 Metaspace       used 66237K, committed 67648K, reserved 1114112K
  class space    used 6795K, committed 7424K, reserved 1048576K
}
Event: 30.249 GC heap after
{Heap after GC invocations=349 (full 3):
 PSYoungGen      total 2560K, used 448K [0x00000000eab00000, 0x00000000eae80000, 0x0000000100000000)
  eden space 2048K, 0% used [0x00000000eab00000,0x00000000eab00000,0x00000000ead00000)
  from space 512K, 87% used [0x00000000eae00000,0x00000000eae70000,0x00000000eae80000)
  to   space 512K, 0% used [0x00000000ead80000,0x00000000ead80000,0x00000000eae00000)
 ParOldGen       total 441856K, used 441513K [0x00000000c0000000, 0x00000000daf80000, 0x00000000eab00000)
  object space 441856K, 99% used [0x00000000c0000000,0x00000000daf2a528,0x00000000daf80000)
 Metaspace       used 66237K, committed 67648K, reserved 1114112K
  class space    used 6795K, committed 7424K, reserved 1048576K
}
Event: 30.257 GC heap before
{Heap before GC invocations=350 (full 3):
 PSYoungGen      total 2560K, used 2495K [0x00000000eab00000, 0x00000000eae80000, 0x0000000100000000)
  eden space 2048K, 99% used [0x00000000eab00000,0x00000000eacfffd8,0x00000000ead00000)
  from space 512K, 87% used [0x00000000eae00000,0x00000000eae70000,0x00000000eae80000)
  to   space 512K, 0% used [0x00000000ead80000,0x00000000ead80000,0x00000000eae00000)
 ParOldGen       total 441856K, used 441513K [0x00000000c0000000, 0x00000000daf80000, 0x00000000eab00000)
  object space 441856K, 99% used [0x00000000c0000000,0x00000000daf2a528,0x00000000daf80000)
 Metaspace       used 66238K, committed 67648K, reserved 1114112K
  class space    used 6795K, committed 7424K, reserved 1048576K
}
Event: 31.275 GC heap after
{Heap after GC invocations=350 (full 3):
 PSYoungGen      total 2560K, used 493K [0x00000000eab00000, 0x00000000eb200000, 0x0000000100000000)
  eden space 2048K, 0% used [0x00000000eab00000,0x00000000eab00000,0x00000000ead00000)
  from space 512K, 96% used [0x00000000ead80000,0x00000000eadfb5e0,0x00000000eae00000)
  to   space 2560K, 0% used [0x00000000eaf80000,0x00000000eaf80000,0x00000000eb200000)
 ParOldGen       total 443392K, used 443129K [0x00000000c0000000, 0x00000000db100000, 0x00000000eab00000)
  object space 443392K, 99% used [0x00000000c0000000,0x00000000db0be528,0x00000000db100000)
 Metaspace       used 66238K, committed 67648K, reserved 1114112K
  class space    used 6795K, committed 7424K, reserved 1048576K
}
Event: 31.283 GC heap before
{Heap before GC invocations=351 (full 3):
 PSYoungGen      total 2560K, used 2541K [0x00000000eab00000, 0x00000000eb200000, 0x0000000100000000)
  eden space 2048K, 100% used [0x00000000eab00000,0x00000000ead00000,0x00000000ead00000)
  from space 512K, 96% used [0x00000000ead80000,0x00000000eadfb5e0,0x00000000eae00000)
  to   space 2560K, 0% used [0x00000000eaf80000,0x00000000eaf80000,0x00000000eb200000)
 ParOldGen       total 444928K, used 444629K [0x00000000c0000000, 0x00000000db280000, 0x00000000eab00000)
  object space 444928K, 99% used [0x00000000c0000000,0x00000000db235638,0x00000000db280000)
 Metaspace       used 66258K, committed 67648K, reserved 1114112K
  class space    used 6797K, committed 7424K, reserved 1048576K
}
Event: 31.285 GC heap after
{Heap after GC invocations=351 (full 3):
 PSYoungGen      total 4096K, used 1760K [0x00000000eab00000, 0x00000000eb180000, 0x0000000100000000)
  eden space 2048K, 0% used [0x00000000eab00000,0x00000000eab00000,0x00000000ead00000)
  from space 2048K, 85% used [0x00000000eaf80000,0x00000000eb138000,0x00000000eb180000)
  to   space 2048K, 0% used [0x00000000ead80000,0x00000000ead80000,0x00000000eaf80000)
 ParOldGen       total 445440K, used 445147K [0x00000000c0000000, 0x00000000db300000, 0x00000000eab00000)
  object space 445440K, 99% used [0x00000000c0000000,0x00000000db2b6c18,0x00000000db300000)
 Metaspace       used 66258K, committed 67648K, reserved 1114112K
  class space    used 6797K, committed 7424K, reserved 1048576K
}
Event: 31.299 GC heap before
{Heap before GC invocations=352 (full 3):
 PSYoungGen      total 4096K, used 3808K [0x00000000eab00000, 0x00000000eb180000, 0x0000000100000000)
  eden space 2048K, 100% used [0x00000000eab00000,0x00000000ead00000,0x00000000ead00000)
  from space 2048K, 85% used [0x00000000eaf80000,0x00000000eb138000,0x00000000eb180000)
  to   space 2048K, 0% used [0x00000000ead80000,0x00000000ead80000,0x00000000eaf80000)
 ParOldGen       total 445440K, used 445147K [0x00000000c0000000, 0x00000000db300000, 0x00000000eab00000)
  object space 445440K, 99% used [0x00000000c0000000,0x00000000db2b6c18,0x00000000db300000)
 Metaspace       used 66325K, committed 67712K, reserved 1114112K
  class space    used 6803K, committed 7424K, reserved 1048576K
}
Event: 31.302 GC heap after
{Heap after GC invocations=352 (full 3):
 PSYoungGen      total 3072K, used 944K [0x00000000eab00000, 0x00000000eb000000, 0x0000000100000000)
  eden space 2048K, 0% used [0x00000000eab00000,0x00000000eab00000,0x00000000ead00000)
  from space 1024K, 92% used [0x00000000ead80000,0x00000000eae6c170,0x00000000eae80000)
  to   space 1536K, 0% used [0x00000000eae80000,0x00000000eae80000,0x00000000eb000000)
 ParOldGen       total 446976K, used 446827K [0x00000000c0000000, 0x00000000db480000, 0x00000000eab00000)
  object space 446976K, 99% used [0x00000000c0000000,0x00000000db45ac38,0x00000000db480000)
 Metaspace       used 66325K, committed 67712K, reserved 1114112K
  class space    used 6803K, committed 7424K, reserved 1048576K
}
Event: 31.318 GC heap before
{Heap before GC invocations=353 (full 3):
 PSYoungGen      total 3072K, used 2961K [0x00000000eab00000, 0x00000000eb000000, 0x0000000100000000)
  eden space 2048K, 98% used [0x00000000eab00000,0x00000000eacf83f8,0x00000000ead00000)
  from space 1024K, 92% used [0x00000000ead80000,0x00000000eae6c170,0x00000000eae80000)
  to   space 1536K, 0% used [0x00000000eae80000,0x00000000eae80000,0x00000000eb000000)
 ParOldGen       total 448512K, used 448327K [0x00000000c0000000, 0x00000000db600000, 0x00000000eab00000)
  object space 448512K, 99% used [0x00000000c0000000,0x00000000db5d1d48,0x00000000db600000)
 Metaspace       used 66505K, committed 67904K, reserved 1114112K
  class space    used 6808K, committed 7424K, reserved 1048576K
}
Event: 31.320 GC heap after
{Heap after GC invocations=353 (full 3):
 PSYoungGen      total 3072K, used 761K [0x00000000eab00000, 0x00000000eaf80000, 0x0000000100000000)
  eden space 2048K, 0% used [0x00000000eab00000,0x00000000eab00000,0x00000000ead00000)
  from space 1024K, 74% used [0x00000000eae80000,0x00000000eaf3e730,0x00000000eaf80000)
  to   space 1024K, 0% used [0x00000000ead80000,0x00000000ead80000,0x00000000eae80000)
 ParOldGen       total 449024K, used 448935K [0x00000000c0000000, 0x00000000db680000, 0x00000000eab00000)
  object space 449024K, 99% used [0x00000000c0000000,0x00000000db669d48,0x00000000db680000)
 Metaspace       used 66505K, committed 67904K, reserved 1114112K
  class space    used 6808K, committed 7424K, reserved 1048576K
}
Event: 31.334 GC heap before
{Heap before GC invocations=354 (full 3):
 PSYoungGen      total 3072K, used 2809K [0x00000000eab00000, 0x00000000eaf80000, 0x0000000100000000)
  eden space 2048K, 99% used [0x00000000eab00000,0x00000000eacffe18,0x00000000ead00000)
  from space 1024K, 74% used [0x00000000eae80000,0x00000000eaf3e730,0x00000000eaf80000)
  to   space 1024K, 0% used [0x00000000ead80000,0x00000000ead80000,0x00000000eae80000)
 ParOldGen       total 449024K, used 448935K [0x00000000c0000000, 0x00000000db680000, 0x00000000eab00000)
  object space 449024K, 99% used [0x00000000c0000000,0x00000000db669d48,0x00000000db680000)
 Metaspace       used 66560K, committed 67968K, reserved 1114112K
  class space    used 6809K, committed 7424K, reserved 1048576K
}
Event: 31.336 GC heap after
{Heap after GC invocations=354 (full 3):
 PSYoungGen      total 3072K, used 796K [0x00000000eab00000, 0x00000000eaf00000, 0x0000000100000000)
  eden space 2048K, 0% used [0x00000000eab00000,0x00000000eab00000,0x00000000ead00000)
  from space 1024K, 77% used [0x00000000ead80000,0x00000000eae473d0,0x00000000eae80000)
  to   space 512K, 0% used [0x00000000eae80000,0x00000000eae80000,0x00000000eaf00000)
 ParOldGen       total 449536K, used 449401K [0x00000000c0000000, 0x00000000db700000, 0x00000000eab00000)
  object space 449536K, 99% used [0x00000000c0000000,0x00000000db6de768,0x00000000db700000)
 Metaspace       used 66560K, committed 67968K, reserved 1114112K
  class space    used 6809K, committed 7424K, reserved 1048576K
}
Event: 31.361 GC heap before
{Heap before GC invocations=355 (full 3):
 PSYoungGen      total 3072K, used 2844K [0x00000000eab00000, 0x00000000eaf00000, 0x0000000100000000)
  eden space 2048K, 100% used [0x00000000eab00000,0x00000000ead00000,0x00000000ead00000)
  from space 1024K, 77% used [0x00000000ead80000,0x00000000eae473d0,0x00000000eae80000)
  to   space 512K, 0% used [0x00000000eae80000,0x00000000eae80000,0x00000000eaf00000)
 ParOldGen       total 449536K, used 449401K [0x00000000c0000000, 0x00000000db700000, 0x00000000eab00000)
  object space 449536K, 99% used [0x00000000c0000000,0x00000000db6de768,0x00000000db700000)
 Metaspace       used 66645K, committed 68032K, reserved 1114112K
  class space    used 6819K, committed 7424K, reserved 1048576K
}
Event: 31.363 GC heap after
{Heap after GC invocations=355 (full 3):
 PSYoungGen      total 2560K, used 498K [0x00000000eab00000, 0x00000000eb000000, 0x0000000100000000)
  eden space 2048K, 0% used [0x00000000eab00000,0x00000000eab00000,0x00000000ead00000)
  from space 512K, 97% used [0x00000000eae80000,0x00000000eaefc810,0x00000000eaf00000)
  to   space 1536K, 0% used [0x00000000ead00000,0x00000000ead00000,0x00000000eae80000)
 ParOldGen       total 450048K, used 449907K [0x00000000c0000000, 0x00000000db780000, 0x00000000eab00000)
  object space 450048K, 99% used [0x00000000c0000000,0x00000000db75cd18,0x00000000db780000)
 Metaspace       used 66645K, committed 68032K, reserved 1114112K
  class space    used 6819K, committed 7424K, reserved 1048576K
}
Event: 31.384 GC heap before
{Heap before GC invocations=356 (full 3):
 PSYoungGen      total 2560K, used 2545K [0x00000000eab00000, 0x00000000eb000000, 0x0000000100000000)
  eden space 2048K, 99% used [0x00000000eab00000,0x00000000eacffd98,0x00000000ead00000)
  from space 512K, 97% used [0x00000000eae80000,0x00000000eaefc810,0x00000000eaf00000)
  to   space 1536K, 0% used [0x00000000ead00000,0x00000000ead00000,0x00000000eae80000)
 ParOldGen       total 451584K, used 451407K [0x00000000c0000000, 0x00000000db900000, 0x00000000eab00000)
  object space 451584K, 99% used [0x00000000c0000000,0x00000000db8d3e28,0x00000000db900000)
 Metaspace       used 66691K, committed 68096K, reserved 1114112K
  class space    used 6825K, committed 7488K, reserved 1048576K
}
Event: 31.387 GC heap after
{Heap after GC invocations=356 (full 3):
 PSYoungGen      total 3072K, used 592K [0x00000000eab00000, 0x00000000eaf00000, 0x0000000100000000)
  eden space 2048K, 0% used [0x00000000eab00000,0x00000000eab00000,0x00000000ead00000)
  from space 1024K, 57% used [0x00000000ead00000,0x00000000ead94340,0x00000000eae00000)
  to   space 1024K, 0% used [0x00000000eae00000,0x00000000eae00000,0x00000000eaf00000)
 ParOldGen       total 452096K, used 451780K [0x00000000c0000000, 0x00000000db980000, 0x00000000eab00000)
  object space 452096K, 99% used [0x00000000c0000000,0x00000000db9312f8,0x00000000db980000)
 Metaspace       used 66691K, committed 68096K, reserved 1114112K
  class space    used 6825K, committed 7488K, reserved 1048576K
}
Event: 31.395 GC heap before
{Heap before GC invocations=357 (full 3):
 PSYoungGen      total 3072K, used 2640K [0x00000000eab00000, 0x00000000eaf00000, 0x0000000100000000)
  eden space 2048K, 100% used [0x00000000eab00000,0x00000000ead00000,0x00000000ead00000)
  from space 1024K, 57% used [0x00000000ead00000,0x00000000ead94340,0x00000000eae00000)
  to   space 1024K, 0% used [0x00000000eae00000,0x00000000eae00000,0x00000000eaf00000)
 ParOldGen       total 452096K, used 451780K [0x00000000c0000000, 0x00000000db980000, 0x00000000eab00000)
  object space 452096K, 99% used [0x00000000c0000000,0x00000000db9312f8,0x00000000db980000)
 Metaspace       used 66694K, committed 68096K, reserved 1114112K
  class space    used 6825K, committed 7488K, reserved 1048576K
}
Event: 31.397 GC heap after
{Heap after GC invocations=357 (full 3):
 PSYoungGen      total 3072K, used 463K [0x00000000eab00000, 0x00000000eaf00000, 0x0000000100000000)
  eden space 2048K, 0% used [0x00000000eab00000,0x00000000eab00000,0x00000000ead00000)
  from space 1024K, 45% used [0x00000000eae00000,0x00000000eae73c60,0x00000000eaf00000)
  to   space 1024K, 0% used [0x00000000ead00000,0x00000000ead00000,0x00000000eae00000)
 ParOldGen       total 454144K, used 453683K [0x00000000c0000000, 0x00000000dbb80000, 0x00000000eab00000)
  object space 454144K, 99% used [0x00000000c0000000,0x00000000dbb0cec8,0x00000000dbb80000)
 Metaspace       used 66694K, committed 68096K, reserved 1114112K
  class space    used 6825K, committed 7488K, reserved 1048576K
}

